<?xml version="1.0" encoding="UTF-8"?>
<testng-results skipped="0" failed="0" ignored="0" total="2" passed="2">
  <reporter-output>
  </reporter-output>
  <suite name="Default suite" duration-ms="22746" started-at="2022-07-25T15:34:23Z" finished-at="2022-07-25T15:34:45Z">
    <groups>
    </groups>
    <test name="Default test" duration-ms="22746" started-at="2022-07-25T15:34:23Z" finished-at="2022-07-25T15:34:45Z">
      <class name="automationFramework.YourLogoForTestNG">
        <test-method status="PASS" signature="method()[pri:0, instance:automationFramework.YourLogoForTestNG@f6c48ac]" name="method" duration-ms="20101" started-at="2022-07-25T15:34:23Z" finished-at="2022-07-25T15:34:43Z">
          <reporter-output>
          </reporter-output>
        </test-method> <!-- method -->
        <test-method status="PASS" signature="methodTwo()[pri:0, instance:automationFramework.YourLogoForTestNG@f6c48ac]" name="methodTwo" duration-ms="2512" started-at="2022-07-25T15:34:43Z" finished-at="2022-07-25T15:34:45Z">
          <reporter-output>
          </reporter-output>
        </test-method> <!-- methodTwo -->
      </class> <!-- automationFramework.YourLogoForTestNG -->
    </test> <!-- Default test -->
  </suite> <!-- Default suite -->
</testng-results>
